<?xml version="1.0" encoding="UTF-8"?>
<testng-results total="3" passed="3" failed="0" skipped="0">
  <reporter-output>
  </reporter-output>
  <suite started-at="2018-09-11T14:52:11Z" name="Default suite" finished-at="2018-09-11T14:53:20Z" duration-ms="68248">
    <groups>
    </groups>
    <test started-at="2018-09-11T14:52:11Z" name="Default test" finished-at="2018-09-11T14:53:20Z" duration-ms="68248">
      <class name="com.crm.qa.testcases.LoginPageTest">
        <test-method is-config="true" signature="setup()[pri:0, instance:com.crm.qa.testcases.LoginPageTest@7c9d8e2]" started-at="2018-09-11T20:22:11Z" name="setup" finished-at="2018-09-11T20:22:26Z" duration-ms="14557" status="PASS">
          <reporter-output>
          </reporter-output>
        </test-method> <!-- setup -->
        <test-method signature="rememberMeTest()[pri:0, instance:com.crm.qa.testcases.LoginPageTest@7c9d8e2]" started-at="2018-09-11T20:22:26Z" name="rememberMeTest" finished-at="2018-09-11T20:22:37Z" duration-ms="11397" status="PASS">
          <reporter-output>
          </reporter-output>
        </test-method> <!-- rememberMeTest -->
        <test-method is-config="true" signature="tearDown()[pri:0, instance:com.crm.qa.testcases.LoginPageTest@7c9d8e2]" started-at="2018-09-11T20:22:37Z" name="tearDown" finished-at="2018-09-11T20:22:38Z" duration-ms="717" status="PASS">
          <reporter-output>
          </reporter-output>
        </test-method> <!-- tearDown -->
        <test-method is-config="true" signature="setup()[pri:0, instance:com.crm.qa.testcases.LoginPageTest@7c9d8e2]" started-at="2018-09-11T20:22:38Z" name="setup" finished-at="2018-09-11T20:22:52Z" duration-ms="14281" status="PASS">
          <reporter-output>
          </reporter-output>
        </test-method> <!-- setup -->
        <test-method signature="loginTest()[pri:0, instance:com.crm.qa.testcases.LoginPageTest@7c9d8e2]" started-at="2018-09-11T20:22:52Z" name="loginTest" finished-at="2018-09-11T20:23:04Z" duration-ms="11611" status="PASS">
          <reporter-output>
          </reporter-output>
        </test-method> <!-- loginTest -->
        <test-method is-config="true" signature="tearDown()[pri:0, instance:com.crm.qa.testcases.LoginPageTest@7c9d8e2]" started-at="2018-09-11T20:23:04Z" name="tearDown" finished-at="2018-09-11T20:23:05Z" duration-ms="664" status="PASS">
          <reporter-output>
          </reporter-output>
        </test-method> <!-- tearDown -->
        <test-method is-config="true" signature="setup()[pri:0, instance:com.crm.qa.testcases.LoginPageTest@7c9d8e2]" started-at="2018-09-11T20:23:05Z" name="setup" finished-at="2018-09-11T20:23:19Z" duration-ms="14316" status="PASS">
          <reporter-output>
          </reporter-output>
        </test-method> <!-- setup -->
        <test-method signature="loginPageTitleTest()[pri:0, instance:com.crm.qa.testcases.LoginPageTest@7c9d8e2]" started-at="2018-09-11T20:23:19Z" name="loginPageTitleTest" finished-at="2018-09-11T20:23:19Z" duration-ms="13" status="PASS">
          <reporter-output>
          </reporter-output>
        </test-method> <!-- loginPageTitleTest -->
        <test-method is-config="true" signature="tearDown()[pri:0, instance:com.crm.qa.testcases.LoginPageTest@7c9d8e2]" started-at="2018-09-11T20:23:19Z" name="tearDown" finished-at="2018-09-11T20:23:20Z" duration-ms="678" status="PASS">
          <reporter-output>
          </reporter-output>
        </test-method> <!-- tearDown -->
      </class> <!-- com.crm.qa.testcases.LoginPageTest -->
    </test> <!-- Default test -->
  </suite> <!-- Default suite -->
</testng-results>
