<?xml version="1.0" encoding="UTF-8"?>
<testng-results ignored="0" total="1" passed="1" failed="0" skipped="0">
  <reporter-output>
  </reporter-output>
  <suite started-at="2018-08-02T07:09:43Z" name="Default suite" finished-at="2018-08-02T07:09:43Z" duration-ms="63">
    <groups>
    </groups>
    <test started-at="2018-08-02T07:09:43Z" name="Default test" finished-at="2018-08-02T07:09:43Z" duration-ms="63">
      <class name="testNG.Login_OR">
        <test-method is-config="true" signature="beforeTest()[pri:0, instance:testNG.Login_OR@3fb1549b]" started-at="2018-08-02T07:09:43Z" name="beforeTest" finished-at="2018-08-02T07:09:43Z" duration-ms="11" status="PASS">
          <reporter-output>
          </reporter-output>
        </test-method> <!-- beforeTest -->
        <test-method signature="verifyLogout()[pri:0, instance:testNG.Login_OR@3fb1549b]" started-at="2018-08-02T07:09:43Z" name="verifyLogout" finished-at="2018-08-02T07:09:43Z" duration-ms="19" status="PASS">
          <reporter-output>
          </reporter-output>
        </test-method> <!-- verifyLogout -->
      </class> <!-- testNG.Login_OR -->
    </test> <!-- Default test -->
  </suite> <!-- Default suite -->
</testng-results>
