<?xml version="1.0" encoding="UTF-8"?>
<!-- Generated by org.testng.reporters.JUnitXMLReporter -->
<testsuite hostname="PUN-WKS-AC422" failures="0" tests="3" name="Default test" time="68.248" errors="0" timestamp="11 Sep 2018 14:53:20 GMT">
  <testcase classname="com.crm.qa.testcases.LoginPageTest" name="rememberMeTest" time="11.397"/>
  <testcase classname="com.crm.qa.testcases.LoginPageTest" name="loginTest" time="11.611"/>
  <testcase classname="com.crm.qa.testcases.LoginPageTest" name="loginPageTitleTest" time="0.013"/>
</testsuite> <!-- Default test -->
