<?xml version="1.0" encoding="UTF-8"?>
<!-- Generated by org.testng.reporters.JUnitXMLReporter -->
<testsuite ignored="0" hostname="PUN-WKS-AC422" failures="0" tests="3" name="Default test" time="84.536" errors="0" timestamp="21 Sep 2018 08:56:22 GMT">
  <testcase classname="com.datadrivettest.HalfEbayTest" name="halfEbayRegTest" time="3.601"/>
  <testcase classname="com.datadrivettest.HalfEbayTest" name="halfEbayRegTest" time="4.2"/>
  <testcase classname="com.datadrivettest.HalfEbayTest" name="halfEbayRegTest" time="2.314"/>
</testsuite> <!-- Default test -->
