<?xml version="1.0" encoding="UTF-8"?>
<testng-results ignored="0" total="3" passed="3" failed="0" skipped="0">
  <reporter-output>
  </reporter-output>
  <suite started-at="2018-09-21T08:54:57Z" name="Default suite" finished-at="2018-09-21T08:56:22Z" duration-ms="84536">
    <groups>
    </groups>
    <test started-at="2018-09-21T08:54:57Z" name="Default test" finished-at="2018-09-21T08:56:22Z" duration-ms="84536">
      <class name="com.datadrivettest.HalfEbayTest">
        <test-method is-config="true" signature="setUp()[pri:0, instance:com.datadrivettest.HalfEbayTest@25084a1e]" started-at="2018-09-21T08:54:58Z" name="setUp" finished-at="2018-09-21T08:55:22Z" duration-ms="24026" status="PASS">
          <reporter-output>
          </reporter-output>
        </test-method> <!-- setUp -->
        <test-method signature="halfEbayRegTest(java.lang.String, java.lang.String, java.lang.String, java.lang.String)[pri:0, instance:com.datadrivettest.HalfEbayTest@25084a1e]" started-at="2018-09-21T08:55:22Z" name="halfEbayRegTest" data-provider="getTestData" finished-at="2018-09-21T08:55:25Z" duration-ms="3601" status="PASS">
          <params>
            <param index="0">
              <value>
                <![CDATA[Datta]]>
              </value>
            </param>
            <param index="1">
              <value>
                <![CDATA[jadhav]]>
              </value>
            </param>
            <param index="2">
              <value>
                <![CDATA[yooy@yo.com]]>
              </value>
            </param>
            <param index="3">
              <value>
                <![CDATA[dj12345]]>
              </value>
            </param>
          </params>
          <reporter-output>
          </reporter-output>
        </test-method> <!-- halfEbayRegTest -->
        <test-method is-config="true" signature="tearDown()[pri:0, instance:com.datadrivettest.HalfEbayTest@25084a1e]" started-at="2018-09-21T08:55:25Z" name="tearDown" finished-at="2018-09-21T08:55:27Z" duration-ms="1338" status="PASS">
          <reporter-output>
          </reporter-output>
        </test-method> <!-- tearDown -->
        <test-method is-config="true" signature="setUp()[pri:0, instance:com.datadrivettest.HalfEbayTest@25084a1e]" started-at="2018-09-21T08:55:27Z" name="setUp" finished-at="2018-09-21T08:55:36Z" duration-ms="9051" status="PASS">
          <reporter-output>
          </reporter-output>
        </test-method> <!-- setUp -->
        <test-method signature="halfEbayRegTest(java.lang.String, java.lang.String, java.lang.String, java.lang.String)[pri:0, instance:com.datadrivettest.HalfEbayTest@25084a1e]" started-at="2018-09-21T08:55:36Z" name="halfEbayRegTest" data-provider="getTestData" finished-at="2018-09-21T08:55:40Z" duration-ms="4200" status="PASS">
          <params>
            <param index="0">
              <value>
                <![CDATA[Ravi]]>
              </value>
            </param>
            <param index="1">
              <value>
                <![CDATA[yadav]]>
              </value>
            </param>
            <param index="2">
              <value>
                <![CDATA[dj@yo.com]]>
              </value>
            </param>
            <param index="3">
              <value>
                <![CDATA[ra12345]]>
              </value>
            </param>
          </params>
          <reporter-output>
          </reporter-output>
        </test-method> <!-- halfEbayRegTest -->
        <test-method is-config="true" signature="tearDown()[pri:0, instance:com.datadrivettest.HalfEbayTest@25084a1e]" started-at="2018-09-21T08:55:40Z" name="tearDown" finished-at="2018-09-21T08:55:41Z" duration-ms="832" status="PASS">
          <reporter-output>
          </reporter-output>
        </test-method> <!-- tearDown -->
        <test-method is-config="true" signature="setUp()[pri:0, instance:com.datadrivettest.HalfEbayTest@25084a1e]" started-at="2018-09-21T08:55:41Z" name="setUp" finished-at="2018-09-21T08:56:19Z" duration-ms="37723" status="PASS">
          <reporter-output>
          </reporter-output>
        </test-method> <!-- setUp -->
        <test-method signature="halfEbayRegTest(java.lang.String, java.lang.String, java.lang.String, java.lang.String)[pri:0, instance:com.datadrivettest.HalfEbayTest@25084a1e]" started-at="2018-09-21T08:56:19Z" name="halfEbayRegTest" data-provider="getTestData" finished-at="2018-09-21T08:56:21Z" duration-ms="2314" status="PASS">
          <params>
            <param index="0">
              <value>
                <![CDATA[Rahul ]]>
              </value>
            </param>
            <param index="1">
              <value>
                <![CDATA[patil]]>
              </value>
            </param>
            <param index="2">
              <value>
                <![CDATA[rp@yo.com]]>
              </value>
            </param>
            <param index="3">
              <value>
                <![CDATA[rahul123]]>
              </value>
            </param>
          </params>
          <reporter-output>
          </reporter-output>
        </test-method> <!-- halfEbayRegTest -->
        <test-method is-config="true" signature="tearDown()[pri:0, instance:com.datadrivettest.HalfEbayTest@25084a1e]" started-at="2018-09-21T08:56:21Z" name="tearDown" finished-at="2018-09-21T08:56:22Z" duration-ms="840" status="PASS">
          <reporter-output>
          </reporter-output>
        </test-method> <!-- tearDown -->
      </class> <!-- com.datadrivettest.HalfEbayTest -->
    </test> <!-- Default test -->
  </suite> <!-- Default suite -->
</testng-results>
