<?xml version="1.0" encoding="UTF-8"?>
<testng-results ignored="0" total="1" passed="1" failed="0" skipped="0">
  <reporter-output>
  </reporter-output>
  <suite started-at="2018-09-21T08:41:06Z" name="Default suite" finished-at="2018-09-21T08:41:06Z" duration-ms="455">
    <groups>
    </groups>
    <test started-at="2018-09-21T08:41:06Z" name="Default test" finished-at="2018-09-21T08:41:06Z" duration-ms="455">
      <class name="chrome.ExtendReportDemo">
        <test-method signature="loginTest()[pri:0, instance:chrome.ExtendReportDemo@69453e37]" started-at="2018-09-21T14:11:06Z" name="loginTest" finished-at="2018-09-21T14:11:06Z" duration-ms="436" status="PASS">
          <reporter-output>
          </reporter-output>
        </test-method> <!-- loginTest -->
      </class> <!-- chrome.ExtendReportDemo -->
    </test> <!-- Default test -->
  </suite> <!-- Default suite -->
</testng-results>
